<?xml version="1.0" encoding="UTF-8" ?>
<testsuite tests="9" failures="0" name="org.ttw.basic.dao.TestUserDao" time="14.248" errors="0" skipped="0">
  <properties>
    <property name="java.runtime.name" value="Java(TM) SE Runtime Environment"/>
    <property name="sun.boot.library.path" value="C:\Program Files\Java\jdk1.8.0_25\jre\bin"/>
    <property name="java.vm.version" value="25.25-b02"/>
    <property name="java.vm.vendor" value="Oracle Corporation"/>
    <property name="maven.multiModuleProjectDirectory" value="E:\springpj\basic-hibernate"/>
    <property name="java.vendor.url" value="http://java.oracle.com/"/>
    <property name="path.separator" value=";"/>
    <property name="guice.disable.misplaced.annotation.check" value="true"/>
    <property name="java.vm.name" value="Java HotSpot(TM) 64-Bit Server VM"/>
    <property name="file.encoding.pkg" value="sun.io"/>
    <property name="user.script" value=""/>
    <property name="user.country" value="CN"/>
    <property name="sun.java.launcher" value="SUN_STANDARD"/>
    <property name="sun.os.patch.level" value="Service Pack 1"/>
    <property name="java.vm.specification.name" value="Java Virtual Machine Specification"/>
    <property name="user.dir" value="E:\springpj\basic-hibernate"/>
    <property name="java.runtime.version" value="1.8.0_25-b18"/>
    <property name="java.awt.graphicsenv" value="sun.awt.Win32GraphicsEnvironment"/>
    <property name="java.endorsed.dirs" value="C:\Program Files\Java\jdk1.8.0_25\jre\lib\endorsed"/>
    <property name="os.arch" value="amd64"/>
    <property name="java.io.tmpdir" value="C:\Users\ADMINI~1\AppData\Local\Temp\"/>
    <property name="line.separator" value="
"/>
    <property name="java.vm.specification.vendor" value="Oracle Corporation"/>
    <property name="user.variant" value=""/>
    <property name="os.name" value="Windows 7"/>
    <property name="classworlds.conf" value="E:\springpj\.metadata\.plugins\org.eclipse.m2e.launching\launches\m2conf174204099007630580.tmp"/>
    <property name="sun.jnu.encoding" value="GBK"/>
    <property name="java.library.path" value="C:\Program Files\Java\jdk1.8.0_25\bin;C:\Windows\Sun\Java\bin;C:\Windows\system32;C:\Windows;C:\ProgramData\Oracle\Java\javapath;E:\adt-bundle-windows-x86_64-20130522\sdk\platform-tools;E:\adt-bundle-windows-x86_64-20130522\sdk\tools;C:\Program Files\Java\jdk1.7.0_21\bin;C:\Program Files\Java\jre7\bin;C:\Program Files\Java\jdk1.7.0_21\jre\bin;E:\adt-bundle-windows-x86_64-20130522\apache-ant-1.9.1/bin;C:\Windows\system32;D:\Program Files (x86)\Windows7Master;C:\Program Files\TortoiseSVN\bin;C:\Windows;C:\Windows\system32\wbem;C:\Program Files (x86)\MySQL\MySQL Server 5.6\bin;F:\gradle-2.1\bin;D:\Program Files (x86)\VideoLAN\VLC;D:\Program Files (x86)\gradle-2.2.1\bin;E:\java\apache-maven-3.3.9-bin\bin;E:\java\m2\repository\;;."/>
    <property name="java.specification.name" value="Java Platform API Specification"/>
    <property name="java.class.version" value="52.0"/>
    <property name="sun.management.compiler" value="HotSpot 64-Bit Tiered Compilers"/>
    <property name="os.version" value="6.1"/>
    <property name="user.home" value="C:\Users\Administrator"/>
    <property name="user.timezone" value="Asia/Shanghai"/>
    <property name="java.awt.printerjob" value="sun.awt.windows.WPrinterJob"/>
    <property name="java.specification.version" value="1.8"/>
    <property name="file.encoding" value="UTF-8"/>
    <property name="user.name" value="Administrator"/>
    <property name="java.class.path" value="E:\java\apache-maven-3.3.9-bin\boot\plexus-classworlds-2.5.2.jar"/>
    <property name="java.vm.specification.version" value="1.8"/>
    <property name="sun.arch.data.model" value="64"/>
    <property name="java.home" value="C:\Program Files\Java\jdk1.8.0_25\jre"/>
    <property name="sun.java.command" value="org.codehaus.plexus.classworlds.launcher.Launcher -B test"/>
    <property name="java.specification.vendor" value="Oracle Corporation"/>
    <property name="user.language" value="zh"/>
    <property name="awt.toolkit" value="sun.awt.windows.WToolkit"/>
    <property name="java.vm.info" value="mixed mode"/>
    <property name="java.version" value="1.8.0_25"/>
    <property name="java.ext.dirs" value="C:\Program Files\Java\jdk1.8.0_25\jre\lib\ext;C:\Windows\Sun\Java\lib\ext"/>
    <property name="sun.boot.class.path" value="C:\Program Files\Java\jdk1.8.0_25\jre\lib\resources.jar;C:\Program Files\Java\jdk1.8.0_25\jre\lib\rt.jar;C:\Program Files\Java\jdk1.8.0_25\jre\lib\sunrsasign.jar;C:\Program Files\Java\jdk1.8.0_25\jre\lib\jsse.jar;C:\Program Files\Java\jdk1.8.0_25\jre\lib\jce.jar;C:\Program Files\Java\jdk1.8.0_25\jre\lib\charsets.jar;C:\Program Files\Java\jdk1.8.0_25\jre\lib\jfr.jar;C:\Program Files\Java\jdk1.8.0_25\jre\classes"/>
    <property name="java.vendor" value="Oracle Corporation"/>
    <property name="maven.home" value="E:\java\apache-maven-3.3.9-bin"/>
    <property name="file.separator" value="\"/>
    <property name="java.vendor.url.bug" value="http://bugreport.sun.com/bugreport/"/>
    <property name="sun.cpu.endian" value="little"/>
    <property name="sun.io.unicode.encoding" value="UnicodeLittle"/>
    <property name="sun.desktop" value="windows"/>
    <property name="sun.cpu.isalist" value="amd64"/>
  </properties>
  <testcase classname="org.ttw.basic.dao.TestUserDao" name="testLoad" time="6.126"/>
  <testcase classname="org.ttw.basic.dao.TestUserDao" name="testListByArgs" time="1.078"/>
  <testcase classname="org.ttw.basic.dao.TestUserDao" name="testFindByArgs" time="0.9"/>
  <testcase classname="org.ttw.basic.dao.TestUserDao" name="testListByArgsAndAlias" time="0.856"/>
  <testcase classname="org.ttw.basic.dao.TestUserDao" name="testFindByArgsAndAlias" time="1.234"/>
  <testcase classname="org.ttw.basic.dao.TestUserDao" name="testListSQLByArgs" time="0.956"/>
  <testcase classname="org.ttw.basic.dao.TestUserDao" name="testListSQLByArgsAndAlias" time="1.029"/>
  <testcase classname="org.ttw.basic.dao.TestUserDao" name="testFindSQLByArgs" time="1.066"/>
  <testcase classname="org.ttw.basic.dao.TestUserDao" name="testFindSQLByArgsAndAlias" time="1.003"/>
</testsuite>